1553764049814	mozrunner::runner	INFO	Running command: "d:\\Program Files\\Mozilla Firefox\\firefox.exe" "-marionette" "-foreground" "-no-remote" "-profile" "C:\\Users\\17249\\AppData\\Local\\Temp\\rust_mozprofile.lYQYrIHVPNEv"
1553764050688	addons.webextension.screenshots@mozilla.org	WARN	Loading extension 'screenshots@mozilla.org': Reading manifest: Invalid extension permission: mozillaAddons
1553764050689	addons.webextension.screenshots@mozilla.org	WARN	Loading extension 'screenshots@mozilla.org': Reading manifest: Invalid extension permission: resource://pdf.js/
1553764050689	addons.webextension.screenshots@mozilla.org	WARN	Loading extension 'screenshots@mozilla.org': Reading manifest: Invalid extension permission: about:reader*
1553764053499	Marionette	INFO	Listening on port 54301
1553764053662	Marionette	WARN	TLS certificate errors will be ignored for this session
JavaScript error: http://localhost/skin/default/js/tabs.js, line 10: TypeError: document.getElementById(...) is null
1553764109825	mozrunner::runner	INFO	Running command: "d:\\Program Files\\Mozilla Firefox\\firefox.exe" "-marionette" "-foreground" "-no-remote" "-profile" "C:\\Users\\17249\\AppData\\Local\\Temp\\rust_mozprofile.OzZK45rVHLIm"
1553764110836	addons.webextension.screenshots@mozilla.org	WARN	Loading extension 'screenshots@mozilla.org': Reading manifest: Invalid extension permission: mozillaAddons
1553764110836	addons.webextension.screenshots@mozilla.org	WARN	Loading extension 'screenshots@mozilla.org': Reading manifest: Invalid extension permission: resource://pdf.js/
1553764110837	addons.webextension.screenshots@mozilla.org	WARN	Loading extension 'screenshots@mozilla.org': Reading manifest: Invalid extension permission: about:reader*
1553764113059	Marionette	INFO	Listening on port 54366
1553764113165	Marionette	WARN	TLS certificate errors will be ignored for this session
1553764168445	mozrunner::runner	INFO	Running command: "d:\\Program Files\\Mozilla Firefox\\firefox.exe" "-marionette" [Parent 16560, Gecko_IOThread] WARNING: pipe error: 109: file z:/build/build/src/ipc/chromium/src/chrome/comm1553764169593	addons.webextension.screenshots@mozilla.org	WARN	Loading extension 'screenshots@mozilla.org': Reading manifest: Invalid extension permission: mozillaAddons
1553764169594	addons.webextension.screenshots@mozilla.org	WARN	Loading extension 'screenshots@mozilla.org': Reading manifest: Invalid extension permission: resource://pdf.js/
1553764169594	addons.webextension.screenshots@mozilla.org	WARN	Loading extension 'screenshots@mozilla.org': Reading manifest: Invalid extension permission: about:reader*
1553764172319	Marionette	INFO	Listening on port 54435
1553764172774	Marionette	WARN	TLS certificate errors will be ignored for this session
1553764179939	Marionette	WARN	TimedPromise timed out after 500 ms: stacktrace:
bail@chrome://marionette/content/sync.js:224:64
openRemotePrompt@jar:file:///D:/Program%20Files/Mozilla%20Firefox/omni.ja!/components/nsPrompter.js:507:5
openPrompt@jar:file:///D:/Program%20Files/Mozilla%20Firefox/omni.ja!/components/nsPrompter.js:541:17
confirm@jar:file:///D:/Program%20Files/Mozilla%20Firefox/omni.ja!/components/nsPrompter.js:646:9
onclick@http://localhost/:1:8
event.synthesizeMouseAtPoint@chrome://marionette/content/event.js:202:5
webdriverClickElement@chrome://marionette/content/interaction.js:183:5
1553764185510	Marionette	INFO	Stopped listening on port 54435
[Parent 7964, Gecko_IOThread] WARNING: pipe error: 109: file z:/build/build/src/ipc/chromium/src/chrome/common/ipc_channel_win.cc, line 332
[Child 12744, Chrome_ChildThread] WARNING: pipe error: 109: file z:/build/build/src/ipc/chromium/src/chrome/common/ipc_channel_win.cc, line 332
[Child 12744, Chrome_ChildThread] WARNING: pipe error: 109: fi[Child 14784, Chrome_ChildThread] WARNING: pipe error: 109: file z:/build/build/src/ipc/chromium/src/chrome/common/ipc_channel_win.cc, line 332
[Child 14784, Chrome_ChildThread] WARNING: pipe error: 109: file[Parent 7964, Gecko_IOThread] WARNING: pipe error: 109: file z:/build/build/src/ipc/chromium/src/chrome/common/ipc_channel_win.cc, line 332

###!!! [Child][RunMessage] Error: Channel closing: too late to send/recv, messages will be lost

[GPU 17188, Chrome_ChildT
###!!! [Child][MessageChannel::SendAndWait] Error: Channel error: cannot send/recv

1553765590280	mozrunner::runner	INFO	Running command: "d:\\Program Files\\Mozilla Firefox\\firefox.exe" "-marionette" "-foreground" "-no-remote" "-profile" "C:\\Users\\17249\\AppData\\Local\\Temp\\rust_mozprofile.ykcjm5uLyhW8"
1553765591559	addons.webextension.screenshots@mozilla.org	WARN	Loading extension 'screenshots@mozilla.org': Reading manifest: Invalid extension permission: mozillaAddons
1553765591560	addons.webextension.screenshots@mozilla.org	WARN	Loading extension 'screenshots@mozilla.org': Reading manifest: Invalid extension permission: resource://pdf.js/
1553765591560	addons.webextension.screenshots@mozilla.org	WARN	Loading extension 'screenshots@mozilla.org': Reading manifest: Invalid extension permission: about:reader*
1553765595197	Marionette	INFO	Listening on port 54740
1553765595216	Marionette	WARN	TLS certificate errors will be ignored for this session
[Parent 8736, Gecko_IOThread] WARNING: pipe error: 109: file z:/build/build/src/ipc/chromium/src/chrome/common/ipc_channel_win.cc, line 332
[Child 6520, Chrome_ChildThread] WARNING: pipe error: 109: file z:/build/build/src/ipc/chromium/src/chrome/common/ipc_channel_win.cc, line 332
[Child 6520, Chrome_ChildThread] WARNING: pipe error: 109: file z:/build1553765712996	Marionette	INFO	Stopped listening on port 54740
[GPU 2812,
###!!! [Child][RunMessage] Error: Channel closing: too late to send/recv, messages will be lost

 Chrome
###!!! [Child][MessageChannel::SendAndWait] Error: Channel error: cannot send/recv

a.org	WARN	Loading extension 'screenshots@mozilla.org': Reading manifest: Invalid extension permission: about:reader*
1553765632006	Marionette	INFO	Listening on port 54776
1553765632092	Marionette	WARN	TLS certificate errors will be ignored for this session
1553765646361	Marionette	WARN	TimedPromise timed out after 500 ms: stacktrace:
bail@chrome://marionette/content/sync.js:224:64
openRemotePrompt@jar:file:///D:/Program%20Files/Mozilla%20Firefox/omni.ja!/components/nsPrompter.js:507:5
openPrompt@jar:file:///D:/Program%20Files/Mozilla%20Firefox/omni.ja!/components/nsPrompter.js:541:17
confirm@jar:file:///D:/Program%20Files/Mozilla%20Firefox/omni.ja!/components/nsPrompter.js:646:9
onclick@http://localhost/:1:8
event.synthesizeMouseAtPoint@chrome://marionette/content/event.js:202:5
webdriverClickElement@chrome://marionette/content/interaction.js:183:5
1553765651935	Marionette	INFO	Stopped listening on port 54776
[Child 3580, Chrome_ChildThread] WARNING: pipe error: 109: file z:/build/build/src/ipc/chromium/src/chrome/common/ipc_channel_win.cc, line 332
[Child 3580, Chrome_ChildThread] WARNING: pipe error: 109: file z:/build/build/src/ipc/chromium/src/chrome/common/ipc_channel_win.cc, line 332
[Parent 17356, Gecko_IOThread] WARNING: pipe error: 109: file z:/build/build/src/ipc/chromium/src/chrome/common/ipc_channel_win.cc, line 332

###!!! [Child][RunMessage] Error: Channel closing: too late to send/recv, messages will be lost

[GPU 17516, Chrome_ChildThread] 
###!!! [Child][MessageChannel::SendAndWait] Error: Channel error: cannot send/recv

1553765810696	mozrunner::runner	INFO	Running command: "d:\\Program Files\\Mozilla Firefox\\firefox.exe" "-marionette" "-foreground" "-no-remote" "-profile" "C:\\Users\\17249\\AppData\\Local\\Temp\\rust_mozprofile.aNz0rVPVvDzO"
1553765811555	addons.webextension.screenshots@mozilla.org	WARN	Loading extension 'screenshots@mozilla.org': Reading manifest: Invalid extension permission: mozillaAddons
1553765811556	addons.webextension.screenshots@mozilla.org	WARN	Loading extension 'screenshots@mozilla.org': Reading manifest: Invalid extension permission: resource://pdf.js/
1553765811556	addons.webextension.screenshots@mozilla.org	WARN	Loading extension 'screenshots@mozilla.org': Reading manifest: Invalid extension permission: about:reader*
1553765813913	Marionette	INFO	Listening on port 54876
1553765813938	Marionette	WARN	TLS certificate errors will be ignored for this session
1553765827712	Marionette	WARN	TimedPromise timed out after 500 ms: stacktrace:
bail@chrome://marionette/content/sync.js:224:64
openRemotePrompt@jar:file:///D:/Program%20Files/Mozilla%20Firefox/omni.ja!/components/nsPrompter.js:507:5
openPrompt@jar:file:///D:/Program%20Files/Mozilla%20Firefox/omni.ja!/components/nsPrompter.js:541:17
confirm@jar:file:///D:/Program%20Files/Mozilla%20Firefox/omni.ja!/components/nsPrompter.js:646:9
onclick@http://localhost/:1:8
event.synthesizeMouseAtPoint@chrome://marionette/content/event.js:202:5
webdriverClickElement@chrome://marionette/content/interaction.js:183:5
1553765833240	Marionette	INFO	Stopped listening on port 54876
[Child 16028, Chrome_ChildThread] WARNING: pipe error: 109: file z:/build/build/src/ipc/chromium/src/chrome/common/ipc_channel_win.cc, line 332
[Child 16028, Ch[Parent 13296, Gecko_IOThread] WARNING: pipe error: 109: file z:/build/build/src/ipc/chromium/src/chrome/common/ipc_channel_win.cc, line 332
[GP
###!!! [Child][RunMessage] Error: Channel closing: too late to send/recv, messages will be lost

U 11536, Chrome_ChildThr
###!!! [Child][MessageChannel::SendAndWait] Error: Channel error: cannot send/recv

1553765884353	mozrunner::runner	INFO	Running command: "d:\\Program Files\\Mozilla Firefox\\firefox.exe" "-marionette" "-foreground" "-no-remote" "-profile" "C:\\Users\\17249\\AppData\\Local\\Temp\\rust_mozprofile.kAd5aY3AHSe4"
1553765885067	addons.webextension.screenshots@mozilla.org	WARN	Loading extension 'screenshots@mozilla.org': Reading manifest: Invalid extension permission: mozillaAddons
1553765885067	addons.webextension.screenshots@mozilla.org	WARN	Loading extension 'screenshots@mozilla.org': Reading manifest: Invalid extension permission: resource://pdf.js/
1553765885067	addons.webextension.screenshots@mozilla.org	WARN	Loading extension 'screenshots@mozilla.org': Reading manifest: Invalid extension permission: about:reader*
1553765887207	Marionette	INFO	Listening on port 54953
1553765887575	Marionette	WARN	TLS certificate errors will be ignored for this session
1553765906011	Marionette	WARN	TimedPromise timed out after 500 ms: stacktrace:
bail@chrome://marionette/content/sync.js:224:64
openRemotePrompt@jar:file:///D:/Program%20Files/Mozilla%20Firefox/omni.ja!/components/nsPrompter.js:507:5
openPrompt@jar:file:///D:/Program%20Files/Mozilla%20Firefox/omni.ja!/components/nsPrompter.js:541:17
confirm@jar:file:///D:/Program%20Files/Mozilla%20Firefox/omni.ja!/components/nsPrompter.js:646:9
onclick@http://localhost/:1:8
event.synthesizeMouseAtPoint@chrome://marionette/content/event.js:202:5
webdriverClickElement@chrome://marionette/content/interaction.js:183:5
1553765911553	Marionette	INFO	Stopped listening on port 54953
[Parent 16792, Gecko_IOThread] WARNING: pipe error: 109: file z:/build/build/src/ipc/chromium/src/chrome/common/ipc_channel_win.cc, line 332
[Child 6808, Chrome_ChildThread] WARNING: pipe error: 109: file z:/build/build/src/ipc/chromium/src/chrome/common/ipc_channel_win.cc, line 332
[Child 6808, Chrome_ChildThread] WARNING: pipe error: 109: file z:/build/build/src/ipc/chr[Child 768, Chrome_ChildThread] WARNING: pipe error: 109: file z:/build/build/src/ipc/chromium/src/chrome/common/ipc_channel_win.cc, line 332

###!!! [Child][MessageChannel] Error: (msgtype=0x520008,name=PHttpChannel::Msg_DocumentChannelCleanup) Channel closing: too late to send/recv, messages will be lost

[Parent 16792, Gecko_IOThread] WARNING: pipe error: 109: file z:/build/build/src/ipc/chromium/src/chrome/common/ipc_channel_win.cc, line 332
[Child 9488, Chrome_ChildThread] WARNING: pipe error: 109: file z:/build/build/src/ipc/chromium/src/chrome/common/ipc_channel_win.cc, line 332
[Child 9488, Chrome_ChildThread] WARNING: pipe error: [GPU 17184, Chrome_ChildTh
###!!! [Child][RunMessage] Error: Channel closing: too late to send/recv, messages will be lost


###!!! [Child][MessageChannel::SendAndWait] Error: Channel error: cannot send/recv

1553765969811	mozrunner::runner	INFO	Running command: "d:\\Program Files\\Mozilla Firefox\\firefox.exe" "-marionette" "-foreground" "-no-remote" "-profile" "C:\\Users\\17249\\AppData\\Local\\Temp\\rust_mozprofile.MY2w3xI03be5"
1553765970388	addons.webextension.screenshots@mozilla.org	WARN	Loading extension 'screenshots@mozilla.org': Reading manifest: Invalid extension permission: mozillaAddons
1553765970388	addons.webextension.screenshots@mozilla.org	WARN	Loading extension 'screenshots@mozilla.org': Reading manifest: Invalid extension permission: resource://pdf.js/
1553765970388	addons.webextension.screenshots@mozilla.org	WARN	Loading extension 'screenshots@mozilla.org': Reading manifest: Invalid extension permission: about:reader*
1553765972483	Marionette	INFO	Listening on port 55031
1553765972534	Marionette	WARN	TLS certificate errors will be ignored for this session
1553765990826	Marionette	WARN	TimedPromise timed out after 500 ms: stacktrace:
bail@chrome://marionette/content/sync.js:224:64
openRemotePrompt@jar:file:///D:/Program%20Files/Mozilla%20Firefox/omni.ja!/components/nsPrompter.js:507:5
openPrompt@jar:file:///D:/Program%20Files/Mozilla%20Firefox/omni.ja!/components/nsPrompter.js:541:17
confirm@jar:file:///D:/Program%20Files/Mozilla%20Firefox/omni.ja!/components/nsPrompter.js:646:9
onclick@http://localhost/:1:8
event.synthesizeMouseAtPoint@chrome://marionette/content/event.js:202:5
webdriverClickElement@chrome://marionette/content/interaction.js:183:5
1553765996394	Marionette	INFO	Stopped listening on port 55031
[Parent 2144, Gecko_IOThread] WARNING: pipe error: 109: file z:/build/build/src/ipc/chromium/src/chrome/common/ipc_channel_win.cc, line 332
[Child 15384, Chrome_ChildThread] WARNING: pipe error: 109: file z:/build/build/src/ipc/chromium/src/chrome/common/ipc_channel_win.cc, line 332
[Child 15384, Chrome_ChildThread] WARNING: pipe error: 109: file z:/build/build/src/ipc/chromium/src/chrome/common/ipc_channel_win.cc, line 332
[Child 5608, Chrome_ChildThread] WARNING: pipe error: 109: file z:/build/build/src/ipc/chromium/src/chrome/common/ipc_channel_win.cc, line 332
[Child 5608, Chrome[Parent 2144, Gecko_IOThread] WARNING: pipe error: 109: file z:/build/build/src/ipc/chromium/src/chrome/common/ipc_channel_win.cc, line 332
[Child 6500, Chrome_ChildThread] WARNING: pipe error: 109: file z:/build/build/src/ipc/chromium/src/chrome/common/ipc_channel_win.cc, line 332
[Child 6500, Chrome_ChildThread] WARNING: pipe error: 109: file z:/build/build/src/ipc/chromium/src/chrome/common/ipc_channel_win.cc, line 332

###!!! [Child][MessageChannel::SendAndWait] Error: Channel error: cannot send/recv

1553766043273	mozrunner::runner	INFO	Running command: "d:\\Program Files\\Mozilla Firefox\\firefox.exe" "-marionette" "-foreground" "-no-remote" "-profile" "C:\\Users\\17249\\AppData\\Local\\Temp\\rust_mozprofile.lzPsWom0egUe"
1553766043824	addons.webextension.screenshots@mozilla.org	WARN	Loading extension 'screenshots@mozilla.org': Reading manifest: Invalid extension permission: mozillaAddons
1553766043824	addons.webextension.screenshots@mozilla.org	WARN	Loading extension 'screenshots@mozilla.org': Reading manifest: Invalid extension permission: resource://pdf.js/
1553766043824	addons.webextension.screenshots@mozilla.org	WARN	Loading extension 'screenshots@mozilla.org': Reading manifest: Invalid extension permission: about:reader*
1553766045827	Marionette	INFO	Listening on port 55114
1553766046019	Marionette	WARN	TLS certificate errors will be ignored for this session
1553766064183	Marionette	WARN	TimedPromise timed out after 500 ms: stacktrace:
bail@chrome://marionette/content/sync.js:224:64
openRemotePrompt@jar:file:///D:/Program%20Files/Mozilla%20Firefox/omni.ja!/components/nsPrompter.js:507:5
openPrompt@jar:file:///D:/Program%20Files/Mozilla%20Firefox/omni.ja!/components/nsPrompter.js:541:17
confirm@jar:file:///D:/Program%20Files/Mozilla%20Firefox/omni.ja!/components/nsPrompter.js:646:9
onclick@http://localhost/:1:8
event.synthesizeMouseAtPoint@chrome://marionette/content/event.js:202:5
webdriverClickElement@chrome://marionette/content/interaction.js:183:5
console.error: BroadcastService: 
  receivedBroadcastMessage: handler for
  remote-settings/monitor_changes
  threw error:
  Message: Error: Polling for changes failed: NetworkError when attempting to fetch resource..
  Stack:
    remoteSettingsFunction/remoteSettings.pollChanges@resource://services-settings/remote-settings.js:190:13

1553766069732	Marionette	INFO	Stopped listening on port 55114
[Parent 4308, Gecko_IOThread] WARNING: pipe error: 109: file z:/build/build/src/ipc/chromium/src/chrome/common/ipc_channel_win.cc, line 332
[Child 13352, Chrome_ChildThread] WARNING: pipe error: 109: file z:/build/build/src/ipc/chromium/src/chrome/common/ipc_channel_win.cc, line 332
[Child 13352, Chrome_ChildThread] WARNING: pipe error: 109: file z:/build/build/src/ipc/chromium/src/chrome/common/ipc_ch[Parent 4308, Gecko_IOThread] WARNING: pipe error: 109: file z:/build/build/src/ipc/chromium/src/chrome/common/ipc_channel_win.cc, line 332
[Parent 4308, Gecko_IOThread] WARNING: pipe error: 109: file z:/build/build/src/ipc/chromium/src/chrome/common/ipc_channel_win.cc, line 332
[Child 17264, Chrome_ChildThread] WARNING: pipe error: 109: file z:/build/build/src/ipc/chromium/src/chrome/common/ipc_channel_win.cc, line 332
[Child 17264, Chrom
###!!! [Child][RunMessage] Error: Channel closing: too late to send/recv, messages will be lost

[GPU 17844, Chrome_ChildThread] WARNING: pipe 
###!!! [Child][MessageChannel::SendAndWait] Error: Channel error: cannot send/recv

1553766075009	mozrunner::runner	INFO	Running command: "d:\\Program Files\\Mozilla Firefox\\firefox.exe" "-marionette" "-foreground" "-no-remote" "-profile" "C:\\Users\\17249\\AppData\\Local\\Temp\\rust_mozprofile.e4cMUXFiMx3c"
1553766075795	addons.webextension.screenshots@mozilla.org	WARN	Loading extension 'screenshots@mozilla.org': Reading manifest: Invalid extension permission: mozillaAddons
1553766075796	addons.webextension.screenshots@mozilla.org	WARN	Loading extension 'screenshots@mozilla.org': Reading manifest: Invalid extension permission: resource://pdf.js/
1553766075796	addons.webextension.screenshots@mozilla.org	WARN	Loading extension 'screenshots@mozilla.org': Reading manifest: Invalid extension permission: about:reader*
1553766077844	Marionette	INFO	Listening on port 55191
1553766078254	Marionette	WARN	TLS certificate errors will be ignored for this session
[Parent 6520, Gecko_IOThread] WARNING: pipe error: 109: file z:/build/build/src/ipc/chromium/src/chrome/common/ipc_channel_win.cc, line 332
[Parent 6520, Gecko_IOThread] WARNING: pipe error: 109: file z:/build/build/src/ipc/chromium/src/chrome/common/ipc_channel_win.cc, line 332
[Child 14972, Chrome_ChildThread] WARNING: pipe error: 109: file z:/build/build/src/ipc/chromium/src/chrome/common/ipc_channel_win.cc, line 332
[Child 14972, Chrome_ChildThread] WARNING: pipe error: 109: file [Child 6352, Chrome_ChildThread] WARNING: pipe error: 109: file z:/build/build/src/ipc/chromium/src/chrome/common/ipc_channel_win.cc, line 332
[Child 6352, Chrome_ChildThread] WARNING: pipe error: 109: file z:/build/build/src/ipc/chromium/src/chrome/common/ipc_channel_win.cc, line 332
[Parent 6520, Gecko_IOThread] WARNING: pipe error: 109: file z:/build/build/src/ipc/chromium/src/chrome/common/ipc_channel_win.cc, line 332
[Child 3492, Chrome_ChildThread] WARNING: pipe error: 109: file z:/build/build/src/ipc/chromium/src/chrome/common/ipc_channel_win.cc, line 332
[Child 3492, Chrome_ChildThread] WARNING: pipe error: 109: file z:/build/build/src/ipc/chromium/src/chrome/common/ipc_channel_win.cc, line 332
1553766088345	Marionette	INFO	Stopped listening on port 55191
[GPU
###!!! [Child][RunMessage] Error: Channel closing: too late to send/recv, messages will be lost

 3916, Chrome_ChildThread] WAR
###!!! [Child][MessageChannel::SendAndWait] Error: Channel error: cannot send/recv

